Build started 2019-01-24 00:01:41.
     1>Project "E:\Programy\Projekty Visual Studio\Rozplyw mocy w wezlach\Rozplyw mocy w wezlach\Rozplyw mocy w wezlach.vcxproj" on node 2 (Build target(s)).
     1>ClCompile:
         E:\Microsoft Visual Studio 11.0\VC\bin\CL.exe /c /ZI /nologo /W3 /WX- /sdl /Od /Oy- /D WIN32 /D _DEBUG /D _CONSOLE /D _UNICODE /D UNICODE /Gm /EHsc /RTC1 /MDd /GS /fp:precise /Zc:wchar_t /Zc:forScope /Yu"stdafx.h" /Fp"Debug\Rozplyw mocy w wezlach.pch" /Fo"Debug\\" /Fd"Debug\vc110.pdb" /Gd /TP /analyze- /errorReport:prompt "Rozplyw mocy w wezlach.cpp"
         Rozplyw mocy w wezlach.cpp
     1>e:\programy\projekty visual studio\rozplyw mocy w wezlach\rozplyw mocy w wezlach\rozplyw mocy w wezlach.cpp(68): warning C4244: '=' : conversion from 'double' to 'float', possible loss of data
     1>e:\programy\projekty visual studio\rozplyw mocy w wezlach\rozplyw mocy w wezlach\rozplyw mocy w wezlach.cpp(69): warning C4244: '=' : conversion from 'double' to 'float', possible loss of data
     1>e:\programy\projekty visual studio\rozplyw mocy w wezlach\rozplyw mocy w wezlach\rozplyw mocy w wezlach.cpp(70): warning C4244: '=' : conversion from 'double' to 'float', possible loss of data
     1>e:\programy\projekty visual studio\rozplyw mocy w wezlach\rozplyw mocy w wezlach\rozplyw mocy w wezlach.cpp(71): warning C4244: '=' : conversion from 'double' to 'float', possible loss of data
     1>e:\programy\projekty visual studio\rozplyw mocy w wezlach\rozplyw mocy w wezlach\rozplyw mocy w wezlach.cpp(106): warning C4244: '=' : conversion from 'double' to 'int', possible loss of data
     1>e:\programy\projekty visual studio\rozplyw mocy w wezlach\rozplyw mocy w wezlach\rozplyw mocy w wezlach.cpp(108): warning C4244: '=' : conversion from 'double' to 'float', possible loss of data
     1>e:\programy\projekty visual studio\rozplyw mocy w wezlach\rozplyw mocy w wezlach\rozplyw mocy w wezlach.cpp(109): warning C4244: '=' : conversion from 'double' to 'float', possible loss of data
     1>e:\programy\projekty visual studio\rozplyw mocy w wezlach\rozplyw mocy w wezlach\rozplyw mocy w wezlach.cpp(110): warning C4244: '=' : conversion from 'double' to 'float', possible loss of data
     1>e:\programy\projekty visual studio\rozplyw mocy w wezlach\rozplyw mocy w wezlach\rozplyw mocy w wezlach.cpp(111): warning C4244: '=' : conversion from 'double' to 'float', possible loss of data
     1>e:\programy\projekty visual studio\rozplyw mocy w wezlach\rozplyw mocy w wezlach\rozplyw mocy w wezlach.cpp(161): warning C4244: '=' : conversion from 'double' to 'float', possible loss of data
       Link:
         E:\Microsoft Visual Studio 11.0\VC\bin\link.exe /ERRORREPORT:PROMPT /OUT:"E:\Programy\Projekty Visual Studio\Rozplyw mocy w wezlach\Debug\Rozplyw mocy w wezlach.exe" /INCREMENTAL /NOLOGO kernel32.lib user32.lib gdi32.lib winspool.lib comdlg32.lib advapi32.lib shell32.lib ole32.lib oleaut32.lib uuid.lib odbc32.lib odbccp32.lib /MANIFEST /MANIFESTUAC:"level='asInvoker' uiAccess='false'" /manifest:embed /DEBUG /PDB:"E:\Programy\Projekty Visual Studio\Rozplyw mocy w wezlach\Debug\Rozplyw mocy w wezlach.pdb" /SUBSYSTEM:CONSOLE /TLBID:1 /DYNAMICBASE /NXCOMPAT /IMPLIB:"E:\Programy\Projekty Visual Studio\Rozplyw mocy w wezlach\Debug\Rozplyw mocy w wezlach.lib" /MACHINE:X86 "Debug\Rozplyw mocy w wezlach.obj"
         Debug\stdafx.obj
         Rozplyw mocy w wezlach.vcxproj -> E:\Programy\Projekty Visual Studio\Rozplyw mocy w wezlach\Debug\Rozplyw mocy w wezlach.exe
     1>Done Building Project "E:\Programy\Projekty Visual Studio\Rozplyw mocy w wezlach\Rozplyw mocy w wezlach\Rozplyw mocy w wezlach.vcxproj" (Build target(s)).

Build succeeded.

Time Elapsed 00:00:01.02
